\BOOKMARK [0][-]{chapter.1}{\376\377\0001\000\040\000P\000r\000o\000y\000e\000c\000t\000o\000\040\000A\000S\000I\000M\000O\000V\000.\000\040\000A\000u\000l\000a\000\040\000d\000e\000\040\000s\000i\000m\000u\000l\000a\000c\000i\000\363\000n\000\040\000y\000\040\000m\000o\000d\000e\000l\000a\000d\000o\000\040\000v\000i\000r\000t\000u\000a\000l\000\040\000d\000e\000\040\000p\000r\000o\000c\000e\000s\000o\000s\000\040\000b\000i\000o\000-\000m\000o\000l\000e\000c\000u\000l\000a\000r\000e\000s}{}% 1
\BOOKMARK [1][-]{section.1.1}{\376\377\0001\000.\0001\000\040\000I\000n\000t\000r\000o\000d\000u\000c\000c\000i\000\363\000n}{chapter.1}% 2
\BOOKMARK [1][-]{section.1.2}{\376\377\0001\000.\0002\000\040\000P\000r\000o\000b\000l\000e\000m\000a\000s\000\040\000e\000n\000c\000o\000n\000t\000r\000a\000d\000o\000s}{chapter.1}% 3
\BOOKMARK [1][-]{section.1.3}{\376\377\0001\000.\0003\000\040\000S\000o\000l\000u\000c\000i\000o\000n\000e\000s}{chapter.1}% 4
\BOOKMARK [0][-]{chapter.2}{\376\377\0002\000\040\000H\000i\000e\000r\000a\000r\000c\000h\000i\000c\000a\000l\000\040\000I\000n\000d\000e\000x}{}% 5
\BOOKMARK [1][-]{section.2.1}{\376\377\0002\000.\0001\000\040\000C\000l\000a\000s\000s\000\040\000H\000i\000e\000r\000a\000r\000c\000h\000y}{chapter.2}% 6
\BOOKMARK [0][-]{chapter.3}{\376\377\0003\000\040\000C\000l\000a\000s\000s\000\040\000I\000n\000d\000e\000x}{}% 7
\BOOKMARK [1][-]{section.3.1}{\376\377\0003\000.\0001\000\040\000C\000l\000a\000s\000s\000\040\000L\000i\000s\000t}{chapter.3}% 8
\BOOKMARK [0][-]{chapter.4}{\376\377\0004\000\040\000F\000i\000l\000e\000\040\000I\000n\000d\000e\000x}{}% 9
\BOOKMARK [1][-]{section.4.1}{\376\377\0004\000.\0001\000\040\000F\000i\000l\000e\000\040\000L\000i\000s\000t}{chapter.4}% 10
<<<<<<< Updated upstream
\BOOKMARK [0][-]{chapter.5}{\376\377\0005\000\040\000C\000l\000a\000s\000s\000\040\000D\000o\000c\000u\000m\000e\000n\000t\000a\000t\000i\000o\000n}{}% 11
\BOOKMARK [1][-]{section.5.1}{\376\377\0005\000.\0001\000\040\000m\000a\000i\000n\000\137\000a\000s\000i\000m\000o\000v\000\040\000C\000l\000a\000s\000s\000\040\000R\000e\000f\000e\000r\000e\000n\000c\000e}{chapter.5}% 12
\BOOKMARK [1][-]{section.5.2}{\376\377\0005\000.\0002\000\040\000T\000F\000r\000a\000m\000e\000D\000a\000t\000a\000\040\000C\000l\000a\000s\000s\000\040\000R\000e\000f\000e\000r\000e\000n\000c\000e}{chapter.5}% 13
\BOOKMARK [1][-]{section.5.3}{\376\377\0005\000.\0003\000\040\000T\000M\000o\000d\000e\000l\000M\000e\000t\000a\000b\000o\000l\000i\000t\000e\000\040\000C\000l\000a\000s\000s\000\040\000R\000e\000f\000e\000r\000e\000n\000c\000e}{chapter.5}% 14
\BOOKMARK [1][-]{section.5.4}{\376\377\0005\000.\0004\000\040\000T\000M\000o\000d\000e\000l\000P\000a\000r\000a\000m\000e\000t\000e\000r\000\040\000C\000l\000a\000s\000s\000\040\000R\000e\000f\000e\000r\000e\000n\000c\000e}{chapter.5}% 15
\BOOKMARK [1][-]{section.5.5}{\376\377\0005\000.\0005\000\040\000T\000M\000o\000d\000e\000l\000R\000e\000a\000c\000t\000i\000o\000n\000\040\000C\000l\000a\000s\000s\000\040\000R\000e\000f\000e\000r\000e\000n\000c\000e}{chapter.5}% 16
\BOOKMARK [1][-]{section.5.6}{\376\377\0005\000.\0006\000\040\000T\000P\000a\000t\000h\000w\000a\000y\000\040\000C\000l\000a\000s\000s\000\040\000R\000e\000f\000e\000r\000e\000n\000c\000e}{chapter.5}% 17
\BOOKMARK [1][-]{section.5.7}{\376\377\0005\000.\0007\000\040\000T\000R\000a\000w\000I\000n\000p\000u\000t\000\040\000C\000l\000a\000s\000s\000\040\000R\000e\000f\000e\000r\000e\000n\000c\000e}{chapter.5}% 18
\BOOKMARK [2][-]{subsection.5.7.1}{\376\377\0005\000.\0007\000.\0001\000\040\000D\000e\000t\000a\000i\000l\000e\000d\000\040\000D\000e\000s\000c\000r\000i\000p\000t\000i\000o\000n}{section.5.7}% 19
\BOOKMARK [2][-]{subsection.5.7.2}{\376\377\0005\000.\0007\000.\0002\000\040\000C\000o\000n\000s\000t\000r\000u\000c\000t\000o\000r\000\040\000\046\000\040\000D\000e\000s\000t\000r\000u\000c\000t\000o\000r\000\040\000D\000o\000c\000u\000m\000e\000n\000t\000a\000t\000i\000o\000n}{section.5.7}% 20
\BOOKMARK [3][-]{subsubsection.5.7.2.1}{\376\377\0005\000.\0007\000.\0002\000.\0001\000\040\000T\000R\000a\000w\000I\000n\000p\000u\000t\000\050\000\051}{subsection.5.7.2}% 21
\BOOKMARK [1][-]{section.5.8}{\376\377\0005\000.\0008\000\040\000T\000R\000u\000n\000C\000o\000n\000f\000i\000g\000\040\000C\000l\000a\000s\000s\000\040\000R\000e\000f\000e\000r\000e\000n\000c\000e}{chapter.5}% 22
\BOOKMARK [0][-]{chapter.6}{\376\377\0006\000\040\000F\000i\000l\000e\000\040\000D\000o\000c\000u\000m\000e\000n\000t\000a\000t\000i\000o\000n}{}% 23
\BOOKMARK [1][-]{section.6.1}{\376\377\0006\000.\0001\000\040\000a\000s\000i\000m\000o\000v\000\137\000l\000i\000b\000r\000a\000r\000y\000.\000h\000\040\000F\000i\000l\000e\000\040\000R\000e\000f\000e\000r\000e\000n\000c\000e}{chapter.6}% 24
\BOOKMARK [2][-]{subsection.6.1.1}{\376\377\0006\000.\0001\000.\0001\000\040\000D\000e\000t\000a\000i\000l\000e\000d\000\040\000D\000e\000s\000c\000r\000i\000p\000t\000i\000o\000n}{section.6.1}% 25
\BOOKMARK [1][-]{section.6.2}{\376\377\0006\000.\0002\000\040\000a\000s\000i\000m\000o\000v\000\137\000l\000i\000b\000r\000a\000r\000y\000.\000h}{chapter.6}% 26
\BOOKMARK [1][-]{section.6.3}{\376\377\0006\000.\0003\000\040\000m\000a\000i\000n\000\137\000a\000s\000i\000m\000o\000v\000.\000h}{chapter.6}% 27
\BOOKMARK [0][-]{section*.9}{\376\377\000I\000n\000d\000e\000x}{}% 28
=======
\BOOKMARK [0][-]{chapter.5}{\376\377\0005\000\040\000N\000a\000m\000e\000s\000p\000a\000c\000e\000\040\000D\000o\000c\000u\000m\000e\000n\000t\000a\000t\000i\000o\000n}{}% 11
\BOOKMARK [1][-]{section.5.1}{\376\377\0005\000.\0001\000\040\000U\000i\000\040\000N\000a\000m\000e\000s\000p\000a\000c\000e\000\040\000R\000e\000f\000e\000r\000e\000n\000c\000e}{chapter.5}% 12
\BOOKMARK [0][-]{chapter.6}{\376\377\0006\000\040\000C\000l\000a\000s\000s\000\040\000D\000o\000c\000u\000m\000e\000n\000t\000a\000t\000i\000o\000n}{}% 13
\BOOKMARK [1][-]{section.6.1}{\376\377\0006\000.\0001\000\040\000m\000a\000i\000n\000\137\000a\000s\000i\000m\000o\000v\000\040\000C\000l\000a\000s\000s\000\040\000R\000e\000f\000e\000r\000e\000n\000c\000e}{chapter.6}% 14
\BOOKMARK [2][-]{subsection.6.1.1}{\376\377\0006\000.\0001\000.\0001\000\040\000C\000o\000n\000s\000t\000r\000u\000c\000t\000o\000r\000\040\000\046\000\040\000D\000e\000s\000t\000r\000u\000c\000t\000o\000r\000\040\000D\000o\000c\000u\000m\000e\000n\000t\000a\000t\000i\000o\000n}{section.6.1}% 15
\BOOKMARK [3][-]{subsubsection.6.1.1.1}{\376\377\0006\000.\0001\000.\0001\000.\0001\000\040\000m\000a\000i\000n\000\137\000a\000s\000i\000m\000o\000v\000\050\000\051}{subsection.6.1.1}% 16
\BOOKMARK [3][-]{subsubsection.6.1.1.2}{\376\377\0006\000.\0001\000.\0001\000.\0002\000\040\000~\000m\000a\000i\000n\000\137\000a\000s\000i\000m\000o\000v\000\050\000\051}{subsection.6.1.1}% 17
\BOOKMARK [2][-]{subsection.6.1.2}{\376\377\0006\000.\0001\000.\0002\000\040\000M\000e\000m\000b\000e\000r\000\040\000F\000u\000n\000c\000t\000i\000o\000n\000\040\000D\000o\000c\000u\000m\000e\000n\000t\000a\000t\000i\000o\000n}{section.6.1}% 18
\BOOKMARK [3][-]{subsubsection.6.1.2.1}{\376\377\0006\000.\0001\000.\0002\000.\0001\000\040\000o\000n\000\137\000a\000c\000t\000i\000o\000n\000A\000b\000r\000i\000r\000\137\000t\000r\000i\000g\000g\000e\000r\000e\000d}{subsection.6.1.2}% 19
\BOOKMARK [3][-]{subsubsection.6.1.2.2}{\376\377\0006\000.\0001\000.\0002\000.\0002\000\040\000o\000n\000\137\000a\000c\000t\000i\000o\000n\000G\000u\000a\000r\000d\000a\000r\000\137\000t\000r\000i\000g\000g\000e\000r\000e\000d}{subsection.6.1.2}% 20
\BOOKMARK [3][-]{subsubsection.6.1.2.3}{\376\377\0006\000.\0001\000.\0002\000.\0003\000\040\000o\000n\000\137\000b\000u\000t\000t\000o\000m\000M\000e\000t\000a\000n\000o\000d\000e\000\137\000c\000l\000i\000c\000k\000e\000d}{subsection.6.1.2}% 21
\BOOKMARK [3][-]{subsubsection.6.1.2.4}{\376\377\0006\000.\0001\000.\0002\000.\0004\000\040\000o\000n\000\137\000p\000a\000r\000a\000m\000e\000t\000e\000r\000\137\000b\000u\000t\000t\000o\000n\000\137\000c\000l\000i\000c\000k\000e\000d}{subsection.6.1.2}% 22
\BOOKMARK [3][-]{subsubsection.6.1.2.5}{\376\377\0006\000.\0001\000.\0002\000.\0005\000\040\000o\000n\000\137\000p\000u\000s\000h\000B\000u\000t\000t\000o\000n\000\137\000c\000l\000i\000c\000k\000e\000d}{subsection.6.1.2}% 23
\BOOKMARK [2][-]{subsection.6.1.3}{\376\377\0006\000.\0001\000.\0003\000\040\000M\000e\000m\000b\000e\000r\000\040\000D\000a\000t\000a\000\040\000D\000o\000c\000u\000m\000e\000n\000t\000a\000t\000i\000o\000n}{section.6.1}% 24
\BOOKMARK [3][-]{subsubsection.6.1.3.1}{\376\377\0006\000.\0001\000.\0003\000.\0001\000\040\000r\000a\000w\000I\000n\000p\000u\000t}{subsection.6.1.3}% 25
\BOOKMARK [3][-]{subsubsection.6.1.3.2}{\376\377\0006\000.\0001\000.\0003\000.\0002\000\040\000u\000i}{subsection.6.1.3}% 26
\BOOKMARK [1][-]{section.6.2}{\376\377\0006\000.\0002\000\040\000T\000F\000r\000a\000m\000e\000D\000a\000t\000a\000\040\000C\000l\000a\000s\000s\000\040\000R\000e\000f\000e\000r\000e\000n\000c\000e}{chapter.6}% 27
\BOOKMARK [1][-]{section.6.3}{\376\377\0006\000.\0003\000\040\000T\000M\000o\000d\000e\000l\000M\000e\000t\000a\000b\000o\000l\000i\000t\000e\000\040\000C\000l\000a\000s\000s\000\040\000R\000e\000f\000e\000r\000e\000n\000c\000e}{chapter.6}% 28
\BOOKMARK [2][-]{subsection.6.3.1}{\376\377\0006\000.\0003\000.\0001\000\040\000C\000o\000n\000s\000t\000r\000u\000c\000t\000o\000r\000\040\000\046\000\040\000D\000e\000s\000t\000r\000u\000c\000t\000o\000r\000\040\000D\000o\000c\000u\000m\000e\000n\000t\000a\000t\000i\000o\000n}{section.6.3}% 29
\BOOKMARK [3][-]{subsubsection.6.3.1.1}{\376\377\0006\000.\0003\000.\0001\000.\0001\000\040\000T\000M\000o\000d\000e\000l\000M\000e\000t\000a\000b\000o\000l\000i\000t\000e\000\050\000\051}{subsection.6.3.1}% 30
\BOOKMARK [2][-]{subsection.6.3.2}{\376\377\0006\000.\0003\000.\0002\000\040\000M\000e\000m\000b\000e\000r\000\040\000F\000u\000n\000c\000t\000i\000o\000n\000\040\000D\000o\000c\000u\000m\000e\000n\000t\000a\000t\000i\000o\000n}{section.6.3}% 31
\BOOKMARK [3][-]{subsubsection.6.3.2.1}{\376\377\0006\000.\0003\000.\0002\000.\0001\000\040\000g\000e\000t\000B\000o\000t\000t\000o\000m\000V\000a\000l\000u\000e\000\050\000\051}{subsection.6.3.2}% 32
\BOOKMARK [3][-]{subsubsection.6.3.2.2}{\376\377\0006\000.\0003\000.\0002\000.\0002\000\040\000g\000e\000t\000I\000d\000\050\000\051}{subsection.6.3.2}% 33
\BOOKMARK [3][-]{subsubsection.6.3.2.3}{\376\377\0006\000.\0003\000.\0002\000.\0003\000\040\000g\000e\000t\000I\000n\000i\000t\000V\000a\000l\000u\000e\000\050\000\051}{subsection.6.3.2}% 34
\BOOKMARK [3][-]{subsubsection.6.3.2.4}{\376\377\0006\000.\0003\000.\0002\000.\0004\000\040\000g\000e\000t\000N\000a\000m\000e\000\050\000\051}{subsection.6.3.2}% 35
\BOOKMARK [3][-]{subsubsection.6.3.2.5}{\376\377\0006\000.\0003\000.\0002\000.\0005\000\040\000g\000e\000t\000P\000r\000e\000c\000i\000s\000i\000o\000n\000\050\000\051}{subsection.6.3.2}% 36
\BOOKMARK [3][-]{subsubsection.6.3.2.6}{\376\377\0006\000.\0003\000.\0002\000.\0006\000\040\000g\000e\000t\000T\000a\000g\000\050\000\051}{subsection.6.3.2}% 37
\BOOKMARK [3][-]{subsubsection.6.3.2.7}{\376\377\0006\000.\0003\000.\0002\000.\0007\000\040\000g\000e\000t\000T\000o\000p\000V\000a\000l\000u\000e\000\050\000\051}{subsection.6.3.2}% 38
\BOOKMARK [3][-]{subsubsection.6.3.2.8}{\376\377\0006\000.\0003\000.\0002\000.\0008\000\040\000g\000e\000t\000V\000a\000l\000u\000e\000\050\000\051}{subsection.6.3.2}% 39
\BOOKMARK [3][-]{subsubsection.6.3.2.9}{\376\377\0006\000.\0003\000.\0002\000.\0009\000\040\000r\000a\000n\000g\000e\000\050\000\051}{subsection.6.3.2}% 40
\BOOKMARK [3][-]{subsubsection.6.3.2.10}{\376\377\0006\000.\0003\000.\0002\000.\0001\0000\000\040\000s\000e\000t\000T\000a\000g\000\050\000\051}{subsection.6.3.2}% 41
\BOOKMARK [3][-]{subsubsection.6.3.2.11}{\376\377\0006\000.\0003\000.\0002\000.\0001\0001\000\040\000s\000e\000t\000V\000a\000l\000u\000e\000\050\000\051}{subsection.6.3.2}% 42
\BOOKMARK [2][-]{subsection.6.3.3}{\376\377\0006\000.\0003\000.\0003\000\040\000M\000e\000m\000b\000e\000r\000\040\000D\000a\000t\000a\000\040\000D\000o\000c\000u\000m\000e\000n\000t\000a\000t\000i\000o\000n}{section.6.3}% 43
\BOOKMARK [3][-]{subsubsection.6.3.3.1}{\376\377\0006\000.\0003\000.\0003\000.\0001\000\040\000m\000\137\000b\000o\000t\000t\000o\000m\000V\000a\000l\000u\000e}{subsection.6.3.3}% 44
\BOOKMARK [3][-]{subsubsection.6.3.3.2}{\376\377\0006\000.\0003\000.\0003\000.\0002\000\040\000m\000\137\000i\000d}{subsection.6.3.3}% 45
\BOOKMARK [3][-]{subsubsection.6.3.3.3}{\376\377\0006\000.\0003\000.\0003\000.\0003\000\040\000m\000\137\000i\000n\000i\000t\000V\000a\000l\000u\000e}{subsection.6.3.3}% 46
\BOOKMARK [3][-]{subsubsection.6.3.3.4}{\376\377\0006\000.\0003\000.\0003\000.\0004\000\040\000m\000\137\000n\000a\000m\000e}{subsection.6.3.3}% 47
\BOOKMARK [3][-]{subsubsection.6.3.3.5}{\376\377\0006\000.\0003\000.\0003\000.\0005\000\040\000m\000\137\000p\000r\000e\000c\000i\000s\000i\000o\000n}{subsection.6.3.3}% 48
\BOOKMARK [3][-]{subsubsection.6.3.3.6}{\376\377\0006\000.\0003\000.\0003\000.\0006\000\040\000m\000\137\000t\000a\000g}{subsection.6.3.3}% 49
\BOOKMARK [3][-]{subsubsection.6.3.3.7}{\376\377\0006\000.\0003\000.\0003\000.\0007\000\040\000m\000\137\000t\000o\000p\000V\000a\000l\000u\000e}{subsection.6.3.3}% 50
\BOOKMARK [3][-]{subsubsection.6.3.3.8}{\376\377\0006\000.\0003\000.\0003\000.\0008\000\040\000m\000\137\000v\000a\000l\000u\000e}{subsection.6.3.3}% 51
\BOOKMARK [1][-]{section.6.4}{\376\377\0006\000.\0004\000\040\000T\000M\000o\000d\000e\000l\000P\000a\000r\000a\000m\000e\000t\000e\000r\000\040\000C\000l\000a\000s\000s\000\040\000R\000e\000f\000e\000r\000e\000n\000c\000e}{chapter.6}% 52
\BOOKMARK [2][-]{subsection.6.4.1}{\376\377\0006\000.\0004\000.\0001\000\040\000D\000e\000t\000a\000i\000l\000e\000d\000\040\000D\000e\000s\000c\000r\000i\000p\000t\000i\000o\000n}{section.6.4}% 53
\BOOKMARK [2][-]{subsection.6.4.2}{\376\377\0006\000.\0004\000.\0002\000\040\000C\000o\000n\000s\000t\000r\000u\000c\000t\000o\000r\000\040\000\046\000\040\000D\000e\000s\000t\000r\000u\000c\000t\000o\000r\000\040\000D\000o\000c\000u\000m\000e\000n\000t\000a\000t\000i\000o\000n}{section.6.4}% 54
\BOOKMARK [3][-]{subsubsection.6.4.2.1}{\376\377\0006\000.\0004\000.\0002\000.\0001\000\040\000T\000M\000o\000d\000e\000l\000P\000a\000r\000a\000m\000e\000t\000e\000r\000\050\000\051}{subsection.6.4.2}% 55
\BOOKMARK [2][-]{subsection.6.4.3}{\376\377\0006\000.\0004\000.\0003\000\040\000M\000e\000m\000b\000e\000r\000\040\000F\000u\000n\000c\000t\000i\000o\000n\000\040\000D\000o\000c\000u\000m\000e\000n\000t\000a\000t\000i\000o\000n}{section.6.4}% 56
\BOOKMARK [3][-]{subsubsection.6.4.3.1}{\376\377\0006\000.\0004\000.\0003\000.\0001\000\040\000g\000e\000t\000D\000e\000s\000c\000r\000i\000p\000t\000i\000o\000n\000\050\000\051}{subsection.6.4.3}% 57
\BOOKMARK [3][-]{subsubsection.6.4.3.2}{\376\377\0006\000.\0004\000.\0003\000.\0002\000\040\000g\000e\000t\000I\000d\000\050\000\051}{subsection.6.4.3}% 58
\BOOKMARK [3][-]{subsubsection.6.4.3.3}{\376\377\0006\000.\0004\000.\0003\000.\0003\000\040\000g\000e\000t\000I\000n\000d\000e\000x\000\050\000\051}{subsection.6.4.3}% 59
\BOOKMARK [3][-]{subsubsection.6.4.3.4}{\376\377\0006\000.\0004\000.\0003\000.\0004\000\040\000g\000e\000t\000P\000r\000e\000c\000i\000s\000i\000o\000n\000\050\000\051}{subsection.6.4.3}% 60
\BOOKMARK [3][-]{subsubsection.6.4.3.5}{\376\377\0006\000.\0004\000.\0003\000.\0005\000\040\000g\000e\000t\000T\000a\000g\000\050\000\051}{subsection.6.4.3}% 61
\BOOKMARK [3][-]{subsubsection.6.4.3.6}{\376\377\0006\000.\0004\000.\0003\000.\0006\000\040\000g\000e\000t\000V\000a\000l\000u\000e\000\050\000\051}{subsection.6.4.3}% 62
\BOOKMARK [3][-]{subsubsection.6.4.3.7}{\376\377\0006\000.\0004\000.\0003\000.\0007\000\040\000s\000e\000t\000D\000e\000s\000c\000r\000i\000p\000t\000i\000o\000n\000\050\000\051}{subsection.6.4.3}% 63
\BOOKMARK [3][-]{subsubsection.6.4.3.8}{\376\377\0006\000.\0004\000.\0003\000.\0008\000\040\000s\000e\000t\000i\000d\000\050\000\051}{subsection.6.4.3}% 64
\BOOKMARK [3][-]{subsubsection.6.4.3.9}{\376\377\0006\000.\0004\000.\0003\000.\0009\000\040\000s\000e\000t\000P\000r\000e\000c\000i\000s\000i\000o\000n\000\050\000\051}{subsection.6.4.3}% 65
\BOOKMARK [3][-]{subsubsection.6.4.3.10}{\376\377\0006\000.\0004\000.\0003\000.\0001\0000\000\040\000s\000e\000t\000T\000a\000g\000\050\000\051}{subsection.6.4.3}% 66
\BOOKMARK [3][-]{subsubsection.6.4.3.11}{\376\377\0006\000.\0004\000.\0003\000.\0001\0001\000\040\000s\000e\000t\000V\000a\000l\000u\000e\000\050\000\051}{subsection.6.4.3}% 67
\BOOKMARK [2][-]{subsection.6.4.4}{\376\377\0006\000.\0004\000.\0004\000\040\000M\000e\000m\000b\000e\000r\000\040\000D\000a\000t\000a\000\040\000D\000o\000c\000u\000m\000e\000n\000t\000a\000t\000i\000o\000n}{section.6.4}% 68
\BOOKMARK [3][-]{subsubsection.6.4.4.1}{\376\377\0006\000.\0004\000.\0004\000.\0001\000\040\000m\000\137\000d\000e\000s\000c\000r\000i\000p\000t\000i\000o\000n}{subsection.6.4.4}% 69
\BOOKMARK [3][-]{subsubsection.6.4.4.2}{\376\377\0006\000.\0004\000.\0004\000.\0002\000\040\000m\000\137\000i\000d}{subsection.6.4.4}% 70
\BOOKMARK [3][-]{subsubsection.6.4.4.3}{\376\377\0006\000.\0004\000.\0004\000.\0003\000\040\000m\000\137\000i\000n\000d\000e\000x}{subsection.6.4.4}% 71
\BOOKMARK [3][-]{subsubsection.6.4.4.4}{\376\377\0006\000.\0004\000.\0004\000.\0004\000\040\000m\000\137\000p\000r\000e\000c\000i\000s\000i\000o\000n}{subsection.6.4.4}% 72
\BOOKMARK [3][-]{subsubsection.6.4.4.5}{\376\377\0006\000.\0004\000.\0004\000.\0005\000\040\000m\000\137\000t\000a\000g}{subsection.6.4.4}% 73
\BOOKMARK [3][-]{subsubsection.6.4.4.6}{\376\377\0006\000.\0004\000.\0004\000.\0006\000\040\000m\000\137\000v\000a\000l\000u\000e}{subsection.6.4.4}% 74
\BOOKMARK [3][-]{subsubsection.6.4.4.7}{\376\377\0006\000.\0004\000.\0004\000.\0007\000\040\000s\000\137\000c\000o\000u\000n\000t\000e\000r}{subsection.6.4.4}% 75
\BOOKMARK [1][-]{section.6.5}{\376\377\0006\000.\0005\000\040\000T\000M\000o\000d\000e\000l\000R\000e\000a\000c\000t\000i\000o\000n\000\040\000C\000l\000a\000s\000s\000\040\000R\000e\000f\000e\000r\000e\000n\000c\000e}{chapter.6}% 76
\BOOKMARK [2][-]{subsection.6.5.1}{\376\377\0006\000.\0005\000.\0001\000\040\000C\000o\000n\000s\000t\000r\000u\000c\000t\000o\000r\000\040\000\046\000\040\000D\000e\000s\000t\000r\000u\000c\000t\000o\000r\000\040\000D\000o\000c\000u\000m\000e\000n\000t\000a\000t\000i\000o\000n}{section.6.5}% 77
\BOOKMARK [3][-]{subsubsection.6.5.1.1}{\376\377\0006\000.\0005\000.\0001\000.\0001\000\040\000T\000M\000o\000d\000e\000l\000R\000e\000a\000c\000t\000i\000o\000n\000\050\000\051}{subsection.6.5.1}% 78
\BOOKMARK [2][-]{subsection.6.5.2}{\376\377\0006\000.\0005\000.\0002\000\040\000M\000e\000m\000b\000e\000r\000\040\000F\000u\000n\000c\000t\000i\000o\000n\000\040\000D\000o\000c\000u\000m\000e\000n\000t\000a\000t\000i\000o\000n}{section.6.5}% 79
\BOOKMARK [3][-]{subsubsection.6.5.2.1}{\376\377\0006\000.\0005\000.\0002\000.\0001\000\040\000g\000e\000t\000A\000l\000l\000P\000a\000r\000a\000m\000e\000t\000e\000r\000s\000\050\000\051}{subsection.6.5.2}% 80
\BOOKMARK [3][-]{subsubsection.6.5.2.2}{\376\377\0006\000.\0005\000.\0002\000.\0002\000\040\000g\000e\000t\000A\000l\000l\000P\000r\000o\000d\000u\000c\000t\000s\000\050\000\051}{subsection.6.5.2}% 81
\BOOKMARK [3][-]{subsubsection.6.5.2.3}{\376\377\0006\000.\0005\000.\0002\000.\0003\000\040\000g\000e\000t\000A\000l\000l\000R\000e\000a\000g\000e\000n\000t\000s\000\050\000\051}{subsection.6.5.2}% 82
\BOOKMARK [3][-]{subsubsection.6.5.2.4}{\376\377\0006\000.\0005\000.\0002\000.\0004\000\040\000g\000e\000t\000D\000e\000s\000c\000r\000i\000p\000t\000i\000o\000n\000\050\000\051}{subsection.6.5.2}% 83
\BOOKMARK [3][-]{subsubsection.6.5.2.5}{\376\377\0006\000.\0005\000.\0002\000.\0005\000\040\000g\000e\000t\000E\000q\000u\000a\000t\000i\000o\000n\000\050\000\051}{subsection.6.5.2}% 84
\BOOKMARK [3][-]{subsubsection.6.5.2.6}{\376\377\0006\000.\0005\000.\0002\000.\0006\000\040\000g\000e\000t\000I\000d\000\050\000\051}{subsection.6.5.2}% 85
\BOOKMARK [3][-]{subsubsection.6.5.2.7}{\376\377\0006\000.\0005\000.\0002\000.\0007\000\040\000g\000e\000t\000I\000n\000d\000e\000x\000\050\000\051}{subsection.6.5.2}% 86
\BOOKMARK [3][-]{subsubsection.6.5.2.8}{\376\377\0006\000.\0005\000.\0002\000.\0008\000\040\000G\000e\000t\000O\000a\000r\000a\000m\000e\000t\000e\000r\000N\000o\000\050\000\051}{subsection.6.5.2}% 87
\BOOKMARK [3][-]{subsubsection.6.5.2.9}{\376\377\0006\000.\0005\000.\0002\000.\0009\000\040\000G\000e\000t\000P\000r\000o\000d\000u\000c\000t\000N\000o\000\050\000\051}{subsection.6.5.2}% 88
\BOOKMARK [3][-]{subsubsection.6.5.2.10}{\376\377\0006\000.\0005\000.\0002\000.\0001\0000\000\040\000G\000e\000t\000R\000e\000a\000g\000e\000n\000t\000N\000o\000\050\000\051}{subsection.6.5.2}% 89
\BOOKMARK [3][-]{subsubsection.6.5.2.11}{\376\377\0006\000.\0005\000.\0002\000.\0001\0001\000\040\000g\000e\000t\000T\000a\000g\000\050\000\051}{subsection.6.5.2}% 90
\BOOKMARK [3][-]{subsubsection.6.5.2.12}{\376\377\0006\000.\0005\000.\0002\000.\0001\0002\000\040\000P\000a\000r\000a\000m\000e\000t\000e\000r\000\050\000\051}{subsection.6.5.2}% 91
\BOOKMARK [3][-]{subsubsection.6.5.2.13}{\376\377\0006\000.\0005\000.\0002\000.\0001\0003\000\040\000P\000a\000r\000a\000m\000e\000t\000e\000r\000s\000C\000o\000u\000n\000t\000\050\000\051}{subsection.6.5.2}% 92
\BOOKMARK [3][-]{subsubsection.6.5.2.14}{\376\377\0006\000.\0005\000.\0002\000.\0001\0004\000\040\000P\000r\000o\000d\000u\000c\000t\000\050\000\051}{subsection.6.5.2}% 93
\BOOKMARK [3][-]{subsubsection.6.5.2.15}{\376\377\0006\000.\0005\000.\0002\000.\0001\0005\000\040\000P\000r\000o\000d\000u\000c\000t\000s\000C\000o\000u\000n\000t\000\050\000\051}{subsection.6.5.2}% 94
\BOOKMARK [3][-]{subsubsection.6.5.2.16}{\376\377\0006\000.\0005\000.\0002\000.\0001\0006\000\040\000R\000e\000a\000g\000e\000n\000t\000\050\000\051}{subsection.6.5.2}% 95
\BOOKMARK [3][-]{subsubsection.6.5.2.17}{\376\377\0006\000.\0005\000.\0002\000.\0001\0007\000\040\000R\000e\000a\000g\000e\000n\000t\000s\000C\000o\000u\000n\000t\000\050\000\051}{subsection.6.5.2}% 96
\BOOKMARK [3][-]{subsubsection.6.5.2.18}{\376\377\0006\000.\0005\000.\0002\000.\0001\0008\000\040\000s\000e\000t\000A\000l\000l\000P\000a\000r\000a\000m\000e\000t\000e\000r\000s\000\050\000\051}{subsection.6.5.2}% 97
\BOOKMARK [3][-]{subsubsection.6.5.2.19}{\376\377\0006\000.\0005\000.\0002\000.\0001\0009\000\040\000s\000e\000t\000A\000l\000l\000P\000r\000o\000d\000u\000c\000t\000s\000\050\000\051}{subsection.6.5.2}% 98
\BOOKMARK [3][-]{subsubsection.6.5.2.20}{\376\377\0006\000.\0005\000.\0002\000.\0002\0000\000\040\000s\000e\000t\000A\000l\000l\000R\000e\000a\000g\000e\000n\000t\000s\000\050\000\051}{subsection.6.5.2}% 99
\BOOKMARK [3][-]{subsubsection.6.5.2.21}{\376\377\0006\000.\0005\000.\0002\000.\0002\0001\000\040\000s\000e\000t\000D\000e\000s\000c\000r\000i\000p\000t\000i\000o\000n\000\050\000\051}{subsection.6.5.2}% 100
\BOOKMARK [3][-]{subsubsection.6.5.2.22}{\376\377\0006\000.\0005\000.\0002\000.\0002\0002\000\040\000s\000e\000t\000E\000q\000u\000a\000t\000i\000o\000n\000\050\000\051}{subsection.6.5.2}% 101
\BOOKMARK [3][-]{subsubsection.6.5.2.23}{\376\377\0006\000.\0005\000.\0002\000.\0002\0003\000\040\000s\000e\000t\000i\000d\000\050\000\051}{subsection.6.5.2}% 102
\BOOKMARK [3][-]{subsubsection.6.5.2.24}{\376\377\0006\000.\0005\000.\0002\000.\0002\0004\000\040\000s\000e\000t\000I\000n\000d\000e\000x\000\050\000\051}{subsection.6.5.2}% 103
\BOOKMARK [3][-]{subsubsection.6.5.2.25}{\376\377\0006\000.\0005\000.\0002\000.\0002\0005\000\040\000S\000e\000t\000P\000a\000r\000a\000m\000e\000t\000e\000r\000N\000o\000\050\000\051}{subsection.6.5.2}% 104
\BOOKMARK [3][-]{subsubsection.6.5.2.26}{\376\377\0006\000.\0005\000.\0002\000.\0002\0006\000\040\000S\000e\000t\000P\000r\000o\000d\000u\000c\000t\000N\000o\000\050\000\051}{subsection.6.5.2}% 105
\BOOKMARK [3][-]{subsubsection.6.5.2.27}{\376\377\0006\000.\0005\000.\0002\000.\0002\0007\000\040\000S\000e\000t\000R\000e\000a\000g\000e\000n\000t\000N\000o\000\050\000\051}{subsection.6.5.2}% 106
\BOOKMARK [3][-]{subsubsection.6.5.2.28}{\376\377\0006\000.\0005\000.\0002\000.\0002\0008\000\040\000s\000e\000t\000T\000a\000g\000\050\000\051}{subsection.6.5.2}% 107
\BOOKMARK [2][-]{subsection.6.5.3}{\376\377\0006\000.\0005\000.\0003\000\040\000M\000e\000m\000b\000e\000r\000\040\000D\000a\000t\000a\000\040\000D\000o\000c\000u\000m\000e\000n\000t\000a\000t\000i\000o\000n}{section.6.5}% 108
\BOOKMARK [3][-]{subsubsection.6.5.3.1}{\376\377\0006\000.\0005\000.\0003\000.\0001\000\040\000m\000\137\000d\000e\000s\000c\000r\000i\000p\000t\000i\000o\000n}{subsection.6.5.3}% 109
\BOOKMARK [3][-]{subsubsection.6.5.3.2}{\376\377\0006\000.\0005\000.\0003\000.\0002\000\040\000m\000\137\000e\000q\000u\000a\000t\000i\000o\000n}{subsection.6.5.3}% 110
\BOOKMARK [3][-]{subsubsection.6.5.3.3}{\376\377\0006\000.\0005\000.\0003\000.\0003\000\040\000m\000\137\000i\000d}{subsection.6.5.3}% 111
\BOOKMARK [3][-]{subsubsection.6.5.3.4}{\376\377\0006\000.\0005\000.\0003\000.\0004\000\040\000m\000\137\000i\000n\000d\000e\000x}{subsection.6.5.3}% 112
\BOOKMARK [3][-]{subsubsection.6.5.3.5}{\376\377\0006\000.\0005\000.\0003\000.\0005\000\040\000m\000\137\000p\000a\000r\000a\000m\000e\000t\000e\000r}{subsection.6.5.3}% 113
\BOOKMARK [3][-]{subsubsection.6.5.3.6}{\376\377\0006\000.\0005\000.\0003\000.\0006\000\040\000m\000\137\000p\000r\000o\000d\000u\000c\000t}{subsection.6.5.3}% 114
\BOOKMARK [3][-]{subsubsection.6.5.3.7}{\376\377\0006\000.\0005\000.\0003\000.\0007\000\040\000m\000\137\000r\000e\000a\000g\000e\000n\000t}{subsection.6.5.3}% 115
\BOOKMARK [3][-]{subsubsection.6.5.3.8}{\376\377\0006\000.\0005\000.\0003\000.\0008\000\040\000m\000\137\000t\000a\000g}{subsection.6.5.3}% 116
\BOOKMARK [1][-]{section.6.6}{\376\377\0006\000.\0006\000\040\000T\000P\000a\000t\000h\000w\000a\000y\000\040\000C\000l\000a\000s\000s\000\040\000R\000e\000f\000e\000r\000e\000n\000c\000e}{chapter.6}% 117
\BOOKMARK [1][-]{section.6.7}{\376\377\0006\000.\0007\000\040\000T\000R\000a\000w\000I\000n\000p\000u\000t\000\040\000C\000l\000a\000s\000s\000\040\000R\000e\000f\000e\000r\000e\000n\000c\000e}{chapter.6}% 118
\BOOKMARK [2][-]{subsection.6.7.1}{\376\377\0006\000.\0007\000.\0001\000\040\000D\000e\000t\000a\000i\000l\000e\000d\000\040\000D\000e\000s\000c\000r\000i\000p\000t\000i\000o\000n}{section.6.7}% 119
\BOOKMARK [2][-]{subsection.6.7.2}{\376\377\0006\000.\0007\000.\0002\000\040\000C\000o\000n\000s\000t\000r\000u\000c\000t\000o\000r\000\040\000\046\000\040\000D\000e\000s\000t\000r\000u\000c\000t\000o\000r\000\040\000D\000o\000c\000u\000m\000e\000n\000t\000a\000t\000i\000o\000n}{section.6.7}% 120
\BOOKMARK [3][-]{subsubsection.6.7.2.1}{\376\377\0006\000.\0007\000.\0002\000.\0001\000\040\000T\000R\000a\000w\000I\000n\000p\000u\000t\000\050\000\051}{subsection.6.7.2}% 121
\BOOKMARK [3][-]{subsubsection.6.7.2.2}{\376\377\0006\000.\0007\000.\0002\000.\0002\000\040\000~\000T\000R\000a\000w\000I\000n\000p\000u\000t\000\050\000\051}{subsection.6.7.2}% 122
\BOOKMARK [2][-]{subsection.6.7.3}{\376\377\0006\000.\0007\000.\0003\000\040\000M\000e\000m\000b\000e\000r\000\040\000F\000u\000n\000c\000t\000i\000o\000n\000\040\000D\000o\000c\000u\000m\000e\000n\000t\000a\000t\000i\000o\000n}{section.6.7}% 123
\BOOKMARK [3][-]{subsubsection.6.7.3.1}{\376\377\0006\000.\0007\000.\0003\000.\0001\000\040\000c\000l\000e\000a\000n\000\050\000\051}{subsection.6.7.3}% 124
\BOOKMARK [3][-]{subsubsection.6.7.3.2}{\376\377\0006\000.\0007\000.\0003\000.\0002\000\040\000c\000r\000e\000a\000t\000e\000M\000o\000d\000e\000l\000\050\000\051}{subsection.6.7.3}% 125
\BOOKMARK [3][-]{subsubsection.6.7.3.3}{\376\377\0006\000.\0007\000.\0003\000.\0003\000\040\000E\000d\000i\000t\000\050\000\051}{subsection.6.7.3}% 126
\BOOKMARK [3][-]{subsubsection.6.7.3.4}{\376\377\0006\000.\0007\000.\0003\000.\0004\000\040\000g\000e\000t\000L\000o\000a\000d\000e\000d\000\050\000\051}{subsection.6.7.3}% 127
\BOOKMARK [3][-]{subsubsection.6.7.3.5}{\376\377\0006\000.\0007\000.\0003\000.\0005\000\040\000g\000e\000t\000S\000o\000u\000r\000c\000e\000\050\000\051}{subsection.6.7.3}% 128
\BOOKMARK [3][-]{subsubsection.6.7.3.6}{\376\377\0006\000.\0007\000.\0003\000.\0006\000\040\000l\000o\000a\000d\000F\000r\000o\000m\000F\000i\000l\000e\000\050\000\051}{subsection.6.7.3}% 129
\BOOKMARK [3][-]{subsubsection.6.7.3.7}{\376\377\0006\000.\0007\000.\0003\000.\0007\000\040\000n\000e\000w\000R\000a\000w\000I\000n\000p\000u\000t\000\050\000\051}{subsection.6.7.3}% 130
\BOOKMARK [3][-]{subsubsection.6.7.3.8}{\376\377\0006\000.\0007\000.\0003\000.\0008\000\040\000s\000e\000t\000S\000o\000u\000r\000c\000e\000\050\000\051}{subsection.6.7.3}% 131
\BOOKMARK [3][-]{subsubsection.6.7.3.9}{\376\377\0006\000.\0007\000.\0003\000.\0009\000\040\000s\000e\000t\000T\000o\000F\000i\000l\000e\000\050\000\051}{subsection.6.7.3}% 132
\BOOKMARK [3][-]{subsubsection.6.7.3.10}{\376\377\0006\000.\0007\000.\0003\000.\0001\0000\000\040\000v\000e\000r\000i\000f\000y\000M\000o\000d\000e\000l\000\050\000\051}{subsection.6.7.3}% 133
\BOOKMARK [2][-]{subsection.6.7.4}{\376\377\0006\000.\0007\000.\0004\000\040\000M\000e\000m\000b\000e\000r\000\040\000D\000a\000t\000a\000\040\000D\000o\000c\000u\000m\000e\000n\000t\000a\000t\000i\000o\000n}{section.6.7}% 134
\BOOKMARK [3][-]{subsubsection.6.7.4.1}{\376\377\0006\000.\0007\000.\0004\000.\0001\000\040\000m\000\137\000l\000o\000a\000d\000e\000d}{subsection.6.7.4}% 135
\BOOKMARK [3][-]{subsubsection.6.7.4.2}{\376\377\0006\000.\0007\000.\0004\000.\0002\000\040\000m\000\137\000s\000o\000u\000r\000c\000e}{subsection.6.7.4}% 136
\BOOKMARK [1][-]{section.6.8}{\376\377\0006\000.\0008\000\040\000T\000R\000u\000n\000C\000o\000n\000f\000i\000g\000\040\000C\000l\000a\000s\000s\000\040\000R\000e\000f\000e\000r\000e\000n\000c\000e}{chapter.6}% 137
\BOOKMARK [2][-]{subsection.6.8.1}{\376\377\0006\000.\0008\000.\0001\000\040\000C\000o\000n\000s\000t\000r\000u\000c\000t\000o\000r\000\040\000\046\000\040\000D\000e\000s\000t\000r\000u\000c\000t\000o\000r\000\040\000D\000o\000c\000u\000m\000e\000n\000t\000a\000t\000i\000o\000n}{section.6.8}% 138
\BOOKMARK [3][-]{subsubsection.6.8.1.1}{\376\377\0006\000.\0008\000.\0001\000.\0001\000\040\000T\000R\000u\000n\000C\000o\000n\000f\000i\000g\000\050\000\051}{subsection.6.8.1}% 139
\BOOKMARK [2][-]{subsection.6.8.2}{\376\377\0006\000.\0008\000.\0002\000\040\000M\000e\000m\000b\000e\000r\000\040\000F\000u\000n\000c\000t\000i\000o\000n\000\040\000D\000o\000c\000u\000m\000e\000n\000t\000a\000t\000i\000o\000n}{section.6.8}% 140
\BOOKMARK [3][-]{subsubsection.6.8.2.1}{\376\377\0006\000.\0008\000.\0002\000.\0001\000\040\000g\000e\000t\000C\000y\000c\000l\000e\000s\000\050\000\051}{subsection.6.8.2}% 141
\BOOKMARK [3][-]{subsubsection.6.8.2.2}{\376\377\0006\000.\0008\000.\0002\000.\0002\000\040\000g\000e\000t\000E\000n\000d\000T\000i\000m\000e\000\050\000\051}{subsection.6.8.2}% 142
\BOOKMARK [3][-]{subsubsection.6.8.2.3}{\376\377\0006\000.\0008\000.\0002\000.\0003\000\040\000g\000e\000t\000I\000n\000i\000t\000T\000i\000m\000e\000\050\000\051}{subsection.6.8.2}% 143
\BOOKMARK [3][-]{subsubsection.6.8.2.4}{\376\377\0006\000.\0008\000.\0002\000.\0004\000\040\000g\000e\000t\000P\000a\000r\000a\000m\000L\000i\000s\000t\000\050\000\051}{subsection.6.8.2}% 144
\BOOKMARK [3][-]{subsubsection.6.8.2.5}{\376\377\0006\000.\0008\000.\0002\000.\0005\000\040\000s\000e\000t\000C\000y\000c\000l\000e\000s\000\050\000\051}{subsection.6.8.2}% 145
\BOOKMARK [3][-]{subsubsection.6.8.2.6}{\376\377\0006\000.\0008\000.\0002\000.\0006\000\040\000s\000e\000t\000E\000n\000d\000T\000i\000m\000e\000\050\000\051}{subsection.6.8.2}% 146
\BOOKMARK [3][-]{subsubsection.6.8.2.7}{\376\377\0006\000.\0008\000.\0002\000.\0007\000\040\000s\000e\000t\000I\000n\000i\000t\000T\000i\000m\000e\000\050\000\051}{subsection.6.8.2}% 147
\BOOKMARK [3][-]{subsubsection.6.8.2.8}{\376\377\0006\000.\0008\000.\0002\000.\0008\000\040\000s\000e\000t\000P\000a\000r\000a\000m\000L\000i\000s\000t\000\050\000\051}{subsection.6.8.2}% 148
\BOOKMARK [2][-]{subsection.6.8.3}{\376\377\0006\000.\0008\000.\0003\000\040\000M\000e\000m\000b\000e\000r\000\040\000D\000a\000t\000a\000\040\000D\000o\000c\000u\000m\000e\000n\000t\000a\000t\000i\000o\000n}{section.6.8}% 149
\BOOKMARK [3][-]{subsubsection.6.8.3.1}{\376\377\0006\000.\0008\000.\0003\000.\0001\000\040\000m\000\137\000c\000y\000c\000l\000e\000s}{subsection.6.8.3}% 150
\BOOKMARK [3][-]{subsubsection.6.8.3.2}{\376\377\0006\000.\0008\000.\0003\000.\0002\000\040\000m\000\137\000e\000n\000d\000T\000i\000m\000e}{subsection.6.8.3}% 151
\BOOKMARK [3][-]{subsubsection.6.8.3.3}{\376\377\0006\000.\0008\000.\0003\000.\0003\000\040\000m\000\137\000i\000n\000i\000t\000T\000i\000m\000e}{subsection.6.8.3}% 152
\BOOKMARK [3][-]{subsubsection.6.8.3.4}{\376\377\0006\000.\0008\000.\0003\000.\0004\000\040\000m\000\137\000p\000a\000r\000a\000m\000L\000i\000s\000t}{subsection.6.8.3}% 153
\BOOKMARK [0][-]{chapter.7}{\376\377\0007\000\040\000F\000i\000l\000e\000\040\000D\000o\000c\000u\000m\000e\000n\000t\000a\000t\000i\000o\000n}{}% 154
\BOOKMARK [1][-]{section.7.1}{\376\377\0007\000.\0001\000\040\000a\000s\000i\000m\000o\000v\000\137\000l\000i\000b\000r\000a\000r\000y\000.\000c\000p\000p\000\040\000F\000i\000l\000e\000\040\000R\000e\000f\000e\000r\000e\000n\000c\000e}{chapter.7}% 155
\BOOKMARK [1][-]{section.7.2}{\376\377\0007\000.\0002\000\040\000a\000s\000i\000m\000o\000v\000\137\000l\000i\000b\000r\000a\000r\000y\000.\000h\000\040\000F\000i\000l\000e\000\040\000R\000e\000f\000e\000r\000e\000n\000c\000e}{chapter.7}% 156
\BOOKMARK [2][-]{subsection.7.2.1}{\376\377\0007\000.\0002\000.\0001\000\040\000D\000e\000t\000a\000i\000l\000e\000d\000\040\000D\000e\000s\000c\000r\000i\000p\000t\000i\000o\000n}{section.7.2}% 157
\BOOKMARK [1][-]{section.7.3}{\376\377\0007\000.\0003\000\040\000a\000s\000i\000m\000o\000v\000\137\000l\000i\000b\000r\000a\000r\000y\000.\000h}{chapter.7}% 158
\BOOKMARK [1][-]{section.7.4}{\376\377\0007\000.\0004\000\040\000m\000a\000i\000n\000.\000c\000p\000p\000\040\000F\000i\000l\000e\000\040\000R\000e\000f\000e\000r\000e\000n\000c\000e}{chapter.7}% 159
\BOOKMARK [2][-]{subsection.7.4.1}{\376\377\0007\000.\0004\000.\0001\000\040\000F\000u\000n\000c\000t\000i\000o\000n\000\040\000D\000o\000c\000u\000m\000e\000n\000t\000a\000t\000i\000o\000n}{section.7.4}% 160
\BOOKMARK [3][-]{subsubsection.7.4.1.1}{\376\377\0007\000.\0004\000.\0001\000.\0001\000\040\000m\000a\000i\000n\000\050\000\051}{subsection.7.4.1}% 161
\BOOKMARK [1][-]{section.7.5}{\376\377\0007\000.\0005\000\040\000m\000a\000i\000n\000\137\000a\000s\000i\000m\000o\000v\000.\000c\000p\000p\000\040\000F\000i\000l\000e\000\040\000R\000e\000f\000e\000r\000e\000n\000c\000e}{chapter.7}% 162
\BOOKMARK [1][-]{section.7.6}{\376\377\0007\000.\0006\000\040\000m\000a\000i\000n\000\137\000a\000s\000i\000m\000o\000v\000.\000h\000\040\000F\000i\000l\000e\000\040\000R\000e\000f\000e\000r\000e\000n\000c\000e}{chapter.7}% 163
\BOOKMARK [1][-]{section.7.7}{\376\377\0007\000.\0007\000\040\000m\000a\000i\000n\000\137\000a\000s\000i\000m\000o\000v\000.\000h}{chapter.7}% 164
\BOOKMARK [1][-]{section.7.8}{\376\377\0007\000.\0008\000\040\000m\000a\000i\000n\000p\000a\000g\000e\000.\000d\000o\000x\000\040\000F\000i\000l\000e\000\040\000R\000e\000f\000e\000r\000e\000n\000c\000e}{chapter.7}% 165
\BOOKMARK [0][-]{section*.34}{\376\377\000I\000n\000d\000e\000x}{}% 166
>>>>>>> Stashed changes
